feedback.html     http://outreach.vlabs.ac.in/
index.html     http://outreach.vlabs.ac.in/
objective.html     http://outreach.vlabs.ac.in/
performance-report.html     http://vlab.co.in
posttest.html     http://outreach.vlabs.ac.in/
pretest.html     http://outreach.vlabs.ac.in/
procedure.html     http://outreach.vlabs.ac.in/
references.html     http://outreach.vlabs.ac.in/
theory.html     http://outreach.vlabs.ac.in/
validator-report.html     http://vlab.co.in
assignment/content.html     http://virtual-labs.ac.in/feedback/?lab=cse19
assignment/content.html     http://www.sakshat.ac.in/
assignment/content.html     http://vlab.co.in/faq
assignment/content.html     http://outreach.vlabs.ac.in/
assignment/content.html     http://virtual-labs.ac.in/nmeict/
assignment/content.html     http://virtual-labs.ac.in/licensing/
assignment/default.html     http://www.sakshat.ac.in/
assignment/default.html     http://outreach.vlabs.ac.in/
assignment/default.html     http://vlab.co.in/faq
assignment/faq.html     http://vlabs.ac.in/index.html
assignment/faq.html     http://vlabs.ac.in/index.html
assignment/faq.html     http://vlabs.ac.in/index.html#partner
assignment/faq.html     http://vlabs.ac.in/index.html#contact
assignment/faq.html     http://vlabs.ac.in/
assignment/faq.html     http://vlabs.ac.in/pre-requisites.html
assignment/faq.html     http://vlabs-dev.vlabs.ac.in/community/contributing.html
assignment/faq.html     http://www.sakshat.ac.in/
assignment/faq.html     http://outreach.vlabs.ac.in/
assignment/faq.html     http://vlab.co.in/faq
assignment/template.html     http://vlabs.ac.in/index.html
assignment/template.html     http://vlabs.ac.in/index.html
assignment/template.html     http://vlabs.ac.in/index.html#partner
assignment/template.html     http://vlabs.ac.in/index.html#contact
assignment/template.html     http://www.sakshat.ac.in/
assignment/template.html     http://outreach.vlabs.ac.in/
assignment/template.html     http://vlab.co.in/faq
simulation/content.html     http://virtual-labs.ac.in/feedback/?lab=cse19
simulation/content.html     http://www.sakshat.ac.in/
simulation/content.html     http://outreach.vlabs.ac.in/
simulation/content.html     http://vlab.co.in/faq
simulation/content.html     http://virtual-labs.ac.in/nmeict/
simulation/content.html     http://virtual-labs.ac.in/licensing/
simulation/default.html     http://www.sakshat.ac.in/
simulation/default.html     http://outreach.vlabs.ac.in/
simulation/default.html     http://vlab.co.in/faq
simulation/faq.html     http://vlabs.ac.in/index.html
simulation/faq.html     http://vlabs.ac.in/index.html
simulation/faq.html     http://vlabs.ac.in/index.html#partner
simulation/faq.html     http://vlabs.ac.in/index.html#contact
simulation/faq.html     http://vlabs.ac.in/
simulation/faq.html     http://vlabs.ac.in/pre-requisites.html
simulation/faq.html     http://vlabs-dev.vlabs.ac.in/community/contributing.html
simulation/faq.html     http://www.sakshat.ac.in/
simulation/faq.html     http://outreach.vlabs.ac.in/
simulation/faq.html     http://vlab.co.in/faq
simulation/template.html     http://vlabs.ac.in/index.html
simulation/template.html     http://vlabs.ac.in/index.html#partner
simulation/template.html     http://vlabs.ac.in/index.html
simulation/template.html     http://vlabs.ac.in/index.html#contact
simulation/template.html     http://www.sakshat.ac.in/
simulation/template.html     http://outreach.vlabs.ac.in/
simulation/template.html     http://vlab.co.in/faq
assignment/point/Assignment.html     http://vlabs.ac.in/index.html
assignment/point/Assignment.html     http://vlab.co.in/
assignment/point/Assignment.html     http://vlab.co.in/participating-institutes
assignment/point/Assignment.html     http://vlab.co.in/contact-us
assignment/point/Assignment.html     http://vlab.co.in/broad-area-computer-science-and-engineering
assignment/point/Assignment.html     http://www.sakshat.ac.in/
assignment/point/Assignment.html     http://outreach.vlabs.ac.in/
assignment/point/Assignment.html     http://vlab.co.in/faq
assignment/point/Experiment.html     http://vlabs.ac.in/index.html
assignment/point/Experiment.html     http://vlab.co.in/
assignment/point/Experiment.html     http://vlab.co.in/participating-institutes
assignment/point/Experiment.html     http://vlab.co.in/contact-us
assignment/point/Experiment.html     http://vlab.co.in/broad-area-computer-science-and-engineering
assignment/point/Experiment.html     http://www.sakshat.ac.in/
assignment/point/Experiment.html     http://outreach.vlabs.ac.in/
assignment/point/Experiment.html     http://vlab.co.in/faq
assignment/point/Feedback.html     http://vlab.co.in
assignment/point/Feedback.html     http://vlab.co.in/
assignment/point/Feedback.html     http://vlab.co.in/participating-institutes
assignment/point/Feedback.html     http://vlab.co.in/contact-us
assignment/point/Feedback.html     http://vlab.co.in/broad-area-computer-science-and-engineering
assignment/point/Feedback.html     http://209.211.220.205/feedback/feedback.html
assignment/point/Feedback.html     http://www.sakshat.ac.in/
assignment/point/Feedback.html     http://outreach.vlabs.ac.in/
assignment/point/Feedback.html     http://vlab.co.in/faq
assignment/point/Introduction.html     http://vlabs.ac.in/index.html
assignment/point/Introduction.html     http://vlab.co.in/
assignment/point/Introduction.html     http://vlab.co.in/participating-institutes
assignment/point/Introduction.html     http://vlab.co.in/contact-us
assignment/point/Introduction.html     http://vlab.co.in/broad-area-computer-science-and-engineering
assignment/point/Introduction.html     http://www.sakshat.ac.in/
assignment/point/Introduction.html     http://outreach.vlabs.ac.in/
assignment/point/Introduction.html     http://vlab.co.in/faq
assignment/point/Objective.html     http://vlabs.ac.in/index.html
assignment/point/Objective.html     http://vlab.co.in/
assignment/point/Objective.html     http://vlab.co.in/participating-institutes
assignment/point/Objective.html     http://vlab.co.in/contact-us
assignment/point/Objective.html     http://vlab.co.in/broad-area-computer-science-and-engineering
assignment/point/Objective.html     http://www.sakshat.ac.in/
assignment/point/Objective.html     http://outreach.vlabs.ac.in/
assignment/point/Objective.html     http://vlab.co.in/faq
assignment/point/Procedure.html     http://vlabs.ac.in/index.html
assignment/point/Procedure.html     http://vlab.co.in/
assignment/point/Procedure.html     http://vlab.co.in/participating-institutes
assignment/point/Procedure.html     http://vlab.co.in/contact-us
assignment/point/Procedure.html     http://vlab.co.in/broad-area-computer-science-and-engineering
assignment/point/Procedure.html     http://www.sakshat.ac.in/
assignment/point/Procedure.html     http://vlab.co.in/faq
assignment/point/Procedure.html     http://outreach.vlabs.ac.in/
assignment/point/Quizzes.html     http://vlabs.ac.in/index.html
assignment/point/Quizzes.html     http://vlab.co.in/
assignment/point/Quizzes.html     http://vlab.co.in/participating-institutes
assignment/point/Quizzes.html     http://vlab.co.in/contact-us
assignment/point/Quizzes.html     http://vlab.co.in/broad-area-computer-science-and-engineering
assignment/point/Quizzes.html     http://www.sakshat.ac.in/
assignment/point/Quizzes.html     http://outreach.vlabs.ac.in/
assignment/point/Quizzes.html     http://vlab.co.in/faq
assignment/point/References.html     http://vlabs.ac.in/index.html
assignment/point/References.html     http://vlab.co.in/
assignment/point/References.html     http://vlab.co.in/participating-institutes
assignment/point/References.html     http://vlab.co.in/contact-us
assignment/point/References.html     http://vlab.co.in/broad-area-computer-science-and-engineering
assignment/point/References.html     http://funnotes.net/tofpages/TopicOfFortnight.php?tofTpcFl=topicoffortnight22
assignment/point/References.html     http://www.icaen.uiowa.edu/%7Edip/LECTURE/PreProcessing1.html#greyscale
assignment/point/References.html     http://www.google.co.in/url?sa=t&source=web&cd=25&ved=0CC0QFjAEOBQ&url=http%3A%2F%2Ffaculty.kfupm.edu.sa%2FEE%2Fsamara%2FImage%2520Processing%2520Lecture%25205A.ppt&ei=cUKkTLOuLIqWcfmDyM0I&usg=AFQjCNED9K2qYA55F3OrlGExXwuwIPCvWA&sig2=YKES2un3RZr0fmVMsxvriQ
assignment/point/References.html     http://www.google.co.in/url?sa=t&source=web&cd=27&ved=0CDgQFjAGOBQ&url=http%3A%2F%2Fwww.eng.iastate.edu%2Fee528%2Fsonkamaterial%2Fchapter_4.htm&ei=cUKkTLOuLIqWcfmDyM0I&usg=AFQjCNHuwummnhYRfH3drcW2-GpMAH3xnQ&sig2=9sqPsUrEzwX2A_kW2O5dbA
assignment/point/References.html     http://www.sakshat.ac.in/
assignment/point/References.html     http://outreach.vlabs.ac.in/
assignment/point/References.html     http://vlab.co.in/faq
assignment/point/Theory.html     http://vlabs.ac.in/index.html
assignment/point/Theory.html     http://vlab.co.in/
assignment/point/Theory.html     http://vlab.co.in/participating-institutes
assignment/point/Theory.html     http://vlab.co.in/contact-us
assignment/point/Theory.html     http://vlab.co.in/broad-area-computer-science-and-engineering
assignment/point/Theory.html     http://www.sakshat.ac.in/
assignment/point/Theory.html     http://outreach.vlabs.ac.in/
assignment/point/Theory.html     http://vlab.co.in/faq
assignment/point/references.html     http://funnotes.net/tofpages/TopicOfFortnight.php?tofTpcFl=topicoffortnight22
assignment/point/references.html     http://www.icaen.uiowa.edu/%7Edip/LECTURE/PreProcessing1.html#greyscale
assignment/point/references.html     http://www.google.co.in/url?sa=t&source=web&cd=25&ved=0CC0QFjAEOBQ&url=http%3A%2F%2Ffaculty.kfupm.edu.sa%2FEE%2Fsamara%2FImage%2520Processing%2520Lecture%25205A.ppt&ei=cUKkTLOuLIqWcfmDyM0I&usg=AFQjCNED9K2qYA55F3OrlGExXwuwIPCvWA&sig2=YKES2un3RZr0fmVMsxvriQ
assignment/point/references.html     http://www.google.co.in/url?sa=t&source=web&cd=27&ved=0CDgQFjAGOBQ&url=http%3A%2F%2Fwww.eng.iastate.edu%2Fee528%2Fsonkamaterial%2Fchapter_4.htm&ei=cUKkTLOuLIqWcfmDyM0I&usg=AFQjCNHuwummnhYRfH3drcW2-GpMAH3xnQ&sig2=9sqPsUrEzwX2A_kW2O5dbA
simulation/point/Assignment.html     http://vlabs.ac.in/index.html
simulation/point/Assignment.html     http://vlab.co.in/
simulation/point/Assignment.html     http://vlab.co.in/participating-institutes
simulation/point/Assignment.html     http://vlab.co.in/contact-us
simulation/point/Assignment.html     http://vlab.co.in/broad-area-computer-science-and-engineering
simulation/point/Assignment.html     http://www.sakshat.ac.in/
simulation/point/Assignment.html     http://outreach.vlabs.ac.in/
simulation/point/Assignment.html     http://vlab.co.in/faq
simulation/point/Experiment.html     http://vlabs.ac.in/index.html
simulation/point/Experiment.html     http://vlab.co.in/
simulation/point/Experiment.html     http://vlab.co.in/participating-institutes
simulation/point/Experiment.html     http://vlab.co.in/contact-us
simulation/point/Experiment.html     http://vlab.co.in/broad-area-computer-science-and-engineering
simulation/point/Experiment.html     http://www.sakshat.ac.in/
simulation/point/Experiment.html     http://outreach.vlabs.ac.in/
simulation/point/Experiment.html     http://vlab.co.in/faq
simulation/point/Feedback.html     http://vlab.co.in/
simulation/point/Feedback.html     http://vlab.co.in
simulation/point/Feedback.html     http://vlab.co.in/participating-institutes
simulation/point/Feedback.html     http://vlab.co.in/contact-us
simulation/point/Feedback.html     http://vlab.co.in/broad-area-computer-science-and-engineering
simulation/point/Feedback.html     http://209.211.220.205/feedback/feedback.html
simulation/point/Feedback.html     http://www.sakshat.ac.in/
simulation/point/Feedback.html     http://outreach.vlabs.ac.in/
simulation/point/Feedback.html     http://vlab.co.in/faq
simulation/point/Introduction.html     http://vlabs.ac.in/index.html
simulation/point/Introduction.html     http://vlab.co.in/
simulation/point/Introduction.html     http://vlab.co.in/participating-institutes
simulation/point/Introduction.html     http://vlab.co.in/contact-us
simulation/point/Introduction.html     http://vlab.co.in/broad-area-computer-science-and-engineering
simulation/point/Introduction.html     http://www.sakshat.ac.in/
simulation/point/Introduction.html     http://outreach.vlabs.ac.in/
simulation/point/Introduction.html     http://vlab.co.in/faq
simulation/point/Objective.html     http://vlabs.ac.in/index.html
simulation/point/Objective.html     http://vlab.co.in/participating-institutes
simulation/point/Objective.html     http://vlab.co.in/
simulation/point/Objective.html     http://vlab.co.in/contact-us
simulation/point/Objective.html     http://vlab.co.in/broad-area-computer-science-and-engineering
simulation/point/Objective.html     http://www.sakshat.ac.in/
simulation/point/Objective.html     http://outreach.vlabs.ac.in/
simulation/point/Objective.html     http://vlab.co.in/faq
simulation/point/Procedure.html     http://vlabs.ac.in/index.html
simulation/point/Procedure.html     http://vlab.co.in/
simulation/point/Procedure.html     http://vlab.co.in/participating-institutes
simulation/point/Procedure.html     http://vlab.co.in/contact-us
simulation/point/Procedure.html     http://vlab.co.in/broad-area-computer-science-and-engineering
simulation/point/Procedure.html     http://www.sakshat.ac.in/
simulation/point/Procedure.html     http://outreach.vlabs.ac.in/
simulation/point/Procedure.html     http://vlab.co.in/faq
simulation/point/Quizzes.html     http://vlabs.ac.in/index.html
simulation/point/Quizzes.html     http://vlab.co.in/
simulation/point/Quizzes.html     http://vlab.co.in/participating-institutes
simulation/point/Quizzes.html     http://vlab.co.in/contact-us
simulation/point/Quizzes.html     http://vlab.co.in/broad-area-computer-science-and-engineering
simulation/point/Quizzes.html     http://www.sakshat.ac.in/
simulation/point/Quizzes.html     http://outreach.vlabs.ac.in/
simulation/point/Quizzes.html     http://vlab.co.in/faq
simulation/point/References.html     http://vlabs.ac.in/index.html
simulation/point/References.html     http://vlab.co.in/
simulation/point/References.html     http://vlab.co.in/participating-institutes
simulation/point/References.html     http://vlab.co.in/contact-us
simulation/point/References.html     http://vlab.co.in/broad-area-computer-science-and-engineering
simulation/point/References.html     http://funnotes.net/tofpages/TopicOfFortnight.php?tofTpcFl=topicoffortnight22
simulation/point/References.html     http://www.icaen.uiowa.edu/%7Edip/LECTURE/PreProcessing1.html#greyscale
simulation/point/References.html     http://www.google.co.in/url?sa=t&source=web&cd=25&ved=0CC0QFjAEOBQ&url=http%3A%2F%2Ffaculty.kfupm.edu.sa%2FEE%2Fsamara%2FImage%2520Processing%2520Lecture%25205A.ppt&ei=cUKkTLOuLIqWcfmDyM0I&usg=AFQjCNED9K2qYA55F3OrlGExXwuwIPCvWA&sig2=YKES2un3RZr0fmVMsxvriQ
simulation/point/References.html     http://www.sakshat.ac.in/
simulation/point/References.html     http://www.google.co.in/url?sa=t&source=web&cd=27&ved=0CDgQFjAGOBQ&url=http%3A%2F%2Fwww.eng.iastate.edu%2Fee528%2Fsonkamaterial%2Fchapter_4.htm&ei=cUKkTLOuLIqWcfmDyM0I&usg=AFQjCNHuwummnhYRfH3drcW2-GpMAH3xnQ&sig2=9sqPsUrEzwX2A_kW2O5dbA
simulation/point/References.html     http://outreach.vlabs.ac.in/
simulation/point/References.html     http://vlab.co.in/faq
simulation/point/Theory.html     http://vlabs.ac.in/index.html
simulation/point/Theory.html     http://vlab.co.in/
simulation/point/Theory.html     http://vlab.co.in/participating-institutes
simulation/point/Theory.html     http://vlab.co.in/contact-us
simulation/point/Theory.html     http://vlab.co.in/broad-area-computer-science-and-engineering
simulation/point/Theory.html     http://www.sakshat.ac.in/
simulation/point/Theory.html     http://outreach.vlabs.ac.in/
simulation/point/Theory.html     http://vlab.co.in/faq
simulation/point/references.html     http://funnotes.net/tofpages/TopicOfFortnight.php?tofTpcFl=topicoffortnight22
simulation/point/references.html     http://www.icaen.uiowa.edu/%7Edip/LECTURE/PreProcessing1.html#greyscale
simulation/point/references.html     http://www.google.co.in/url?sa=t&source=web&cd=25&ved=0CC0QFjAEOBQ&url=http%3A%2F%2Ffaculty.kfupm.edu.sa%2FEE%2Fsamara%2FImage%2520Processing%2520Lecture%25205A.ppt&ei=cUKkTLOuLIqWcfmDyM0I&usg=AFQjCNED9K2qYA55F3OrlGExXwuwIPCvWA&sig2=YKES2un3RZr0fmVMsxvriQ
simulation/point/references.html     http://www.google.co.in/url?sa=t&source=web&cd=27&ved=0CDgQFjAGOBQ&url=http%3A%2F%2Fwww.eng.iastate.edu%2Fee528%2Fsonkamaterial%2Fchapter_4.htm&ei=cUKkTLOuLIqWcfmDyM0I&usg=AFQjCNHuwummnhYRfH3drcW2-GpMAH3xnQ&sig2=9sqPsUrEzwX2A_kW2O5dbA
